0 info it worked if it ends with ok
1 verbose cli [ '/usr/bin/node',
1 verbose cli   '/usr/lib/node_modules/pm2/lib/ProcessContainerFork.js',
1 verbose cli   'start' ]
2 info using npm@3.10.10
3 info using node@v6.15.1
4 verbose run-script [ 'prestart', 'start', 'poststart' ]
5 info lifecycle project@0.0.0~prestart: project@0.0.0
6 silly lifecycle project@0.0.0~prestart: no script for prestart, continuing
7 info lifecycle project@0.0.0~start: project@0.0.0
8 verbose lifecycle project@0.0.0~start: unsafe-perm in lifecycle true
9 verbose lifecycle project@0.0.0~start: PATH: /usr/lib/node_modules/npm/bin/node-gyp-bin:/root/akfa-emplyee--back-end-/node_modules/.bin:/usr/local/sbin:/usr/local/bin:/usr/sbin:/usr/bin:/sbin:/bin:/usr/games:/usr/local/games:/snap/bin
10 verbose lifecycle project@0.0.0~start: CWD: /root/akfa-emplyee--back-end-
11 silly lifecycle project@0.0.0~start: Args: [ '-c', 'babel-node ./bin/www --presets es2015,stage-2' ]
12 silly lifecycle project@0.0.0~start: Returned: code: 1  signal: null
13 info lifecycle project@0.0.0~start: Failed to exec start script
14 verbose stack Error: project@0.0.0 start: `babel-node ./bin/www --presets es2015,stage-2`
14 verbose stack Exit status 1
14 verbose stack     at EventEmitter.<anonymous> (/usr/lib/node_modules/npm/lib/utils/lifecycle.js:255:16)
14 verbose stack     at emitTwo (events.js:106:13)
14 verbose stack     at EventEmitter.emit (events.js:191:7)
14 verbose stack     at ChildProcess.<anonymous> (/usr/lib/node_modules/npm/lib/utils/spawn.js:40:14)
14 verbose stack     at emitTwo (events.js:106:13)
14 verbose stack     at ChildProcess.emit (events.js:191:7)
14 verbose stack     at maybeClose (internal/child_process.js:920:16)
14 verbose stack     at Process.ChildProcess._handle.onexit (internal/child_process.js:230:5)
15 verbose pkgid project@0.0.0
16 verbose cwd /root/akfa-emplyee--back-end-
17 error Linux 4.4.0-139-generic
18 error argv "/usr/bin/node" "/usr/lib/node_modules/pm2/lib/ProcessContainerFork.js" "start"
19 error node v6.15.1
20 error npm  v3.10.10
21 error code ELIFECYCLE
22 error project@0.0.0 start: `babel-node ./bin/www --presets es2015,stage-2`
22 error Exit status 1
23 error Failed at the project@0.0.0 start script 'babel-node ./bin/www --presets es2015,stage-2'.
23 error Make sure you have the latest version of node.js and npm installed.
23 error If you do, this is most likely a problem with the project package,
23 error not with npm itself.
23 error Tell the author that this fails on your system:
23 error     babel-node ./bin/www --presets es2015,stage-2
23 error You can get information on how to open an issue for this project with:
23 error     npm bugs project
23 error Or if that isn't available, you can get their info via:
23 error     npm owner ls project
23 error There is likely additional logging output above.
24 verbose exit [ 1, true ]
